<?xml version="1.0" encoding="UTF-8"?>
<testsuites name="Test_Login_Suite" time="32" tests="2" failures="0" errors="0">
   <testsuite name="Test_Login_Suite" tests="2" failures="0" errors="0" time="32" timestamp="2018-09-19 16:13:05" hostname="akjain - A3-577.mshome.net" id="Test Suites/Test_Login_Suite">
      <properties>
         <property name="deviceName" value=""/>
         <property name="devicePlatform" value=""/>
         <property name="logFolder" value="C:\\Users\\akjain.TEEMWURK\\git\\KatalonGitTestRepo\\Reports\\Test_Login_Suite\\20180919_161303"/>
         <property name="logFiles" value="C:\\Users\\akjain.TEEMWURK\\git\\KatalonGitTestRepo\\Reports\\Test_Login_Suite\\20180919_161303\\execution0.log"/>
         <property name="attachments" value=""/>
         <property name="hostName" value="akjain - A3-577.mshome.net"/>
         <property name="os" value="Windows 10 64bit"/>
         <property name="katalonVersion" value="5.7.1.1"/>
         <property name="browser" value="Chrome 68.0.3440.106"/>
         <property name="hostAddress" value="172.20.22.49"/>
         <property name="sessionId" value="16bcd1b9c8d5f7bca4516ee228c1919d"/>
         <property name="seleniumVersion" value="3.7.1"/>
         <property name="proxyInformation" value="ProxyInformation{proxyOption=NO_PROXY, proxyServerType=HTTP, password=, proxyServerAddress=, proxyServerPort=0}"/>
         <property name="platform" value="Windows 10"/>
      </properties>
      <testcase name="Test Cases/Test_1_Login" classname="Test Cases/Test_1_Login" status="PASSED">
         <system-out><![CDATA[2018-09-19 16:13:06 - [TEST_CASE][PASSED] - Test Cases/Test_1_Login: Test Cases/Test_1_Login

2018-09-19 16:13:06 - [TEST_STEP][PASSED] - openBrowser: Browser is opened with url: ''

2018-09-19 16:13:16 - [MESSAGE][PASSED] - Browser is opened with url: ''

2018-09-19 16:13:16 - [TEST_STEP][PASSED] - navigateToUrl: Navigate to 'http://20.20.20.48/benefits/login' successfully

2018-09-19 16:13:18 - [MESSAGE][PASSED] - Navigate to 'http://20.20.20.48/benefits/login' successfully

2018-09-19 16:13:18 - [TEST_STEP][PASSED] - setText: Text 'sysadmin' is set on object 'Object Repository/Page_TeemWurk/input_Please Wait_Username'

2018-09-19 16:13:18 - [MESSAGE][PASSED] - Text 'sysadmin' is set on object 'Object Repository/Page_TeemWurk/input_Please Wait_Username'

2018-09-19 16:13:18 - [TEST_STEP][PASSED] - setEncryptedText: Text ****** has been set on object 'Object Repository/Page_TeemWurk/input_Please Wait_Password'

2018-09-19 16:13:18 - [MESSAGE][PASSED] - Text ****** has been set on object 'Object Repository/Page_TeemWurk/input_Please Wait_Password'

2018-09-19 16:13:18 - [TEST_STEP][PASSED] - click: Object: 'Object Repository/Page_TeemWurk/button_Login' is clicked on

2018-09-19 16:13:19 - [MESSAGE][PASSED] - Object: 'Object Repository/Page_TeemWurk/button_Login' is clicked on

2018-09-19 16:13:19 - [TEST_STEP][PASSED] - closeBrowser: Browser is closed

2018-09-19 16:13:20 - [MESSAGE][PASSED] - Browser is closed]]></system-out>
         <system-err><![CDATA[]]></system-err>
      </testcase>
      <testcase name="Test Cases/Test_2_LoginToBroker" classname="Test Cases/Test_2_LoginToBroker" status="PASSED">
         <system-out><![CDATA[2018-09-19 16:13:20 - [TEST_CASE][PASSED] - Test Cases/Test_2_LoginToBroker: Test Cases/Test_2_LoginToBroker

2018-09-19 16:13:20 - [TEST_STEP][PASSED] - openBrowser: Browser is opened with url: ''

2018-09-19 16:13:23 - [MESSAGE][PASSED] - Browser is opened with url: ''

2018-09-19 16:13:23 - [TEST_STEP][PASSED] - navigateToUrl: Navigate to 'http://20.20.20.48/benefits/login' successfully

2018-09-19 16:13:25 - [MESSAGE][PASSED] - Navigate to 'http://20.20.20.48/benefits/login' successfully

2018-09-19 16:13:25 - [TEST_STEP][PASSED] - setText: Text 'sysadmin' is set on object 'Object Repository/Page_TeemWurk/input_Please Wait_Username'

2018-09-19 16:13:26 - [MESSAGE][PASSED] - Text 'sysadmin' is set on object 'Object Repository/Page_TeemWurk/input_Please Wait_Username'

2018-09-19 16:13:26 - [TEST_STEP][PASSED] - setEncryptedText: Text ****** has been set on object 'Object Repository/Page_TeemWurk/input_Please Wait_Password'

2018-09-19 16:13:26 - [MESSAGE][PASSED] - Text ****** has been set on object 'Object Repository/Page_TeemWurk/input_Please Wait_Password'

2018-09-19 16:13:26 - [TEST_STEP][PASSED] - click: Object: 'Object Repository/Page_TeemWurk/button_Login' is clicked on

2018-09-19 16:13:26 - [MESSAGE][PASSED] - Object: 'Object Repository/Page_TeemWurk/button_Login' is clicked on

2018-09-19 16:13:26 - [TEST_STEP][PASSED] - click: Object: 'Object Repository/Page_TeemWurk/i_of_fa fa-angle-double-right' is clicked on

2018-09-19 16:13:34 - [MESSAGE][PASSED] - Object: 'Object Repository/Page_TeemWurk/i_of_fa fa-angle-double-right' is clicked on

2018-09-19 16:13:34 - [TEST_STEP][PASSED] - click: Object: 'Object Repository/Page_TeemWurk/a_Login' is clicked on

2018-09-19 16:13:36 - [MESSAGE][PASSED] - Object: 'Object Repository/Page_TeemWurk/a_Login' is clicked on

2018-09-19 16:13:36 - [TEST_STEP][PASSED] - click: Object: 'Object Repository/Page_TeemWurk/i_' is clicked on

2018-09-19 16:13:37 - [MESSAGE][PASSED] - Object: 'Object Repository/Page_TeemWurk/i_' is clicked on

2018-09-19 16:13:37 - [TEST_STEP][PASSED] - closeBrowser: Browser is closed

2018-09-19 16:13:38 - [MESSAGE][PASSED] - Browser is closed]]></system-out>
         <system-err><![CDATA[]]></system-err>
      </testcase>
      <system-out><![CDATA[2018-09-19 16:13:05 - [TEST_SUITE][PASSED] - Test_Login_Suite: Test Cases/Test_2_LoginToBroker]]></system-out>
      <system-err><![CDATA[]]></system-err>
   </testsuite>
</testsuites>
